Log file open, 03/13/17 13:01:44
LogInit:Display: Running engine for game: QBert_1
LogPlatformFile: Not using cached read wrapper
LogInit:Display: RandInit(513443943) SRandInit(513443943).
LogTaskGraph: Started task graph with 5 named threads and 8 total threads with 1 sets of task threads.
LogStats: Stats thread started at 0.062243
LogPluginManager: Loaded Plugin Paper2D, From P:/Program Files/Epic Games/UE_4.14/Engine/Plugins/2D/Paper2D/Paper2D.uplugin
LogPluginManager: Loaded Plugin LightPropagationVolume, From P:/Program Files/Epic Games/UE_4.14/Engine/Plugins/Blendables/LightPropagationVolume/LightPropagationVolume.uplugin
LogPluginManager: Loaded Plugin BlankPlugin, From P:/Program Files/Epic Games/UE_4.14/Engine/Plugins/Developer/BlankPlugin/BlankPlugin.uplugin
LogPluginManager: Loaded Plugin CodeLiteSourceCodeAccess, From P:/Program Files/Epic Games/UE_4.14/Engine/Plugins/Developer/CodeLiteSourceCodeAccess/CodeLiteSourceCodeAccess.uplugin
LogPluginManager: Loaded Plugin GitSourceControl, From P:/Program Files/Epic Games/UE_4.14/Engine/Plugins/Developer/GitSourceControl/GitSourceControl.uplugin
LogPluginManager: Loaded Plugin KDevelopSourceCodeAccess, From P:/Program Files/Epic Games/UE_4.14/Engine/Plugins/Developer/KDevelopSourceCodeAccess/KDevelopSourceCodeAccess.uplugin
LogPluginManager: Loaded Plugin NullSourceCodeAccess, From P:/Program Files/Epic Games/UE_4.14/Engine/Plugins/Developer/NullSourceCodeAccess/NullSourceCodeAccess.uplugin
LogPluginManager: Loaded Plugin OneSkyLocalizationService, From P:/Program Files/Epic Games/UE_4.14/Engine/Plugins/Developer/OneSkyLocalizationService/OneSkyLocalizationService.uplugin
LogPluginManager: Loaded Plugin PerforceSourceControl, From P:/Program Files/Epic Games/UE_4.14/Engine/Plugins/Developer/PerforceSourceControl/PerforceSourceControl.uplugin
LogPluginManager: Loaded Plugin SubversionSourceControl, From P:/Program Files/Epic Games/UE_4.14/Engine/Plugins/Developer/SubversionSourceControl/SubversionSourceControl.uplugin
LogPluginManager: Loaded Plugin UObjectPlugin, From P:/Program Files/Epic Games/UE_4.14/Engine/Plugins/Developer/UObjectPlugin/UObjectPlugin.uplugin
LogPluginManager: Loaded Plugin VisualStudioSourceCodeAccess, From P:/Program Files/Epic Games/UE_4.14/Engine/Plugins/Developer/VisualStudioSourceCodeAccess/VisualStudioSourceCodeAccess.uplugin
LogPluginManager: Loaded Plugin XCodeSourceCodeAccess, From P:/Program Files/Epic Games/UE_4.14/Engine/Plugins/Developer/XCodeSourceCodeAccess/XCodeSourceCodeAccess.uplugin
LogPluginManager: Loaded Plugin AudioCapture, From P:/Program Files/Epic Games/UE_4.14/Engine/Plugins/Editor/AudioCapture/AudioCapture.uplugin
LogPluginManager: Loaded Plugin EpicSurvey, From P:/Program Files/Epic Games/UE_4.14/Engine/Plugins/Editor/EpicSurvey/EpicSurvey.uplugin
LogPluginManager: Loaded Plugin MacGraphicsSwitching, From P:/Program Files/Epic Games/UE_4.14/Engine/Plugins/Editor/MacGraphicsSwitching/MacGraphicsSwitching.uplugin
LogPluginManager: Loaded Plugin MobileLauncherProfileWizard, From P:/Program Files/Epic Games/UE_4.14/Engine/Plugins/Editor/MobileLauncherProfileWizard/MobileLauncherProfileWizard.uplugin
LogPluginManager: Loaded Plugin PluginBrowser, From P:/Program Files/Epic Games/UE_4.14/Engine/Plugins/Editor/PluginBrowser/PluginBrowser.uplugin
LogPluginManager: Loaded Plugin SpeedTreeImporter, From P:/Program Files/Epic Games/UE_4.14/Engine/Plugins/Editor/SpeedTreeImporter/SpeedTreeImporter.uplugin
LogPluginManager: Loaded Plugin SuperSearchEditor, From P:/Program Files/Epic Games/UE_4.14/Engine/Plugins/Editor/SuperSearchEditor/SuperSearchEditor.uplugin
LogPluginManager: Loaded Plugin AlembicImporter, From P:/Program Files/Epic Games/UE_4.14/Engine/Plugins/Experimental/AlembicImporter/AlembicImporter.uplugin
LogPluginManager: Loaded Plugin BlueprintStats, From P:/Program Files/Epic Games/UE_4.14/Engine/Plugins/Experimental/BlueprintStats/BlueprintStats.uplugin
LogPluginManager: Loaded Plugin CharacterAI, From P:/Program Files/Epic Games/UE_4.14/Engine/Plugins/Experimental/CharacterAI/CharacterAI.uplugin
LogPluginManager: Loaded Plugin CodeEditor, From P:/Program Files/Epic Games/UE_4.14/Engine/Plugins/Experimental/CodeEditor/CodeEditor.uplugin
LogPluginManager: Loaded Plugin CodeView, From P:/Program Files/Epic Games/UE_4.14/Engine/Plugins/Experimental/CodeView/CodeView.uplugin
LogPluginManager: Loaded Plugin HTML5Networking, From P:/Program Files/Epic Games/UE_4.14/Engine/Plugins/Experimental/HTML5Networking/HTML5Networking.uplugin
LogPluginManager: Loaded Plugin OSVR, From P:/Program Files/Epic Games/UE_4.14/Engine/Plugins/Experimental/OSVR/OSVR.uplugin
LogPluginManager: Loaded Plugin Phya, From P:/Program Files/Epic Games/UE_4.14/Engine/Plugins/Experimental/Phya/Phya.uplugin
LogPluginManager: Loaded Plugin SignificanceManager, From P:/Program Files/Epic Games/UE_4.14/Engine/Plugins/Experimental/SignificanceManager/SignificanceManager.uplugin
LogPluginManager: Loaded Plugin SimpleHMD, From P:/Program Files/Epic Games/UE_4.14/Engine/Plugins/Experimental/SimpleHMD/SimpleHMD.uplugin
LogPluginManager: Loaded Plugin StereoPanorama, From P:/Program Files/Epic Games/UE_4.14/Engine/Plugins/Experimental/StereoPanorama/StereoPanorama.uplugin
LogPluginManager: Loaded Plugin StructBox, From P:/Program Files/Epic Games/UE_4.14/Engine/Plugins/Experimental/StructBox/StructBox.uplugin
LogPluginManager: Loaded Plugin AndroidMedia, From P:/Program Files/Epic Games/UE_4.14/Engine/Plugins/Media/AndroidMedia/AndroidMedia.uplugin
LogPluginManager: Loaded Plugin AvfMedia, From P:/Program Files/Epic Games/UE_4.14/Engine/Plugins/Media/AvfMedia/AvfMedia.uplugin
LogPluginManager: Loaded Plugin MediaPlayerEditor, From P:/Program Files/Epic Games/UE_4.14/Engine/Plugins/Media/MediaPlayerEditor/MediaPlayerEditor.uplugin
LogPluginManager: Loaded Plugin WmfMedia, From P:/Program Files/Epic Games/UE_4.14/Engine/Plugins/Media/WmfMedia/WmfMedia.uplugin
LogPluginManager: Loaded Plugin MessagingDebugger, From P:/Program Files/Epic Games/UE_4.14/Engine/Plugins/Messaging/MessagingDebugger/MessagingDebugger.uplugin
LogPluginManager: Loaded Plugin TcpMessaging, From P:/Program Files/Epic Games/UE_4.14/Engine/Plugins/Messaging/TcpMessaging/TcpMessaging.uplugin
LogPluginManager: Loaded Plugin UdpMessaging, From P:/Program Files/Epic Games/UE_4.14/Engine/Plugins/Messaging/UdpMessaging/UdpMessaging.uplugin
LogPluginManager: Loaded Plugin LevelSequenceEditor, From P:/Program Files/Epic Games/UE_4.14/Engine/Plugins/MovieScene/LevelSequenceEditor/LevelSequenceEditor.uplugin
LogPluginManager: Loaded Plugin MatineeToLevelSequence, From P:/Program Files/Epic Games/UE_4.14/Engine/Plugins/MovieScene/MatineeToLevelSequence/MatineeToLevelSequence.uplugin
LogPluginManager: Loaded Plugin NetcodeUnitTest, From P:/Program Files/Epic Games/UE_4.14/Engine/Plugins/NetcodeUnitTest/NetcodeUnitTest/NetcodeUnitTest.uplugin
LogPluginManager: Loaded Plugin NUTUnrealEngine4, From P:/Program Files/Epic Games/UE_4.14/Engine/Plugins/NetcodeUnitTest/NUTUnrealEngine4/NUTUnrealEngine4.uplugin
LogPluginManager: Loaded Plugin OnlineSubsystemGameCircle, From P:/Program Files/Epic Games/UE_4.14/Engine/Plugins/Online/Android/OnlineSubsystemGameCircle/OnlineSubsystemGameCircle.uplugin
LogPluginManager: Loaded Plugin OnlineSubsystemGooglePlay, From P:/Program Files/Epic Games/UE_4.14/Engine/Plugins/Online/Android/OnlineSubsystemGooglePlay/OnlineSubsystemGooglePlay.uplugin
LogPluginManager: Loaded Plugin OnlineSubsystemIOS, From P:/Program Files/Epic Games/UE_4.14/Engine/Plugins/Online/IOS/OnlineSubsystemIOS/OnlineSubsystemIOS.uplugin
LogPluginManager: Loaded Plugin OnlineFramework, From P:/Program Files/Epic Games/UE_4.14/Engine/Plugins/Online/OnlineFramework/OnlineFramework.uplugin
LogPluginManager: Loaded Plugin OnlineSubsystem, From P:/Program Files/Epic Games/UE_4.14/Engine/Plugins/Online/OnlineSubsystem/OnlineSubsystem.uplugin
LogPluginManager: Loaded Plugin OnlineSubsystemAmazon, From P:/Program Files/Epic Games/UE_4.14/Engine/Plugins/Online/OnlineSubsystemAmazon/OnlineSubsystemAmazon.uplugin
LogPluginManager: Loaded Plugin OnlineSubsystemFacebook, From P:/Program Files/Epic Games/UE_4.14/Engine/Plugins/Online/OnlineSubsystemFacebook/OnlineSubsystemFacebook.uplugin
LogPluginManager: Loaded Plugin OnlineSubsystemNull, From P:/Program Files/Epic Games/UE_4.14/Engine/Plugins/Online/OnlineSubsystemNull/OnlineSubsystemNull.uplugin
LogPluginManager: Loaded Plugin OnlineSubsystemOculus, From P:/Program Files/Epic Games/UE_4.14/Engine/Plugins/Online/OnlineSubsystemOculus/OnlineSubsystemOculus.uplugin
LogPluginManager: Loaded Plugin OnlineSubsystemSteam, From P:/Program Files/Epic Games/UE_4.14/Engine/Plugins/Online/OnlineSubsystemSteam/OnlineSubsystemSteam.uplugin
LogPluginManager: Loaded Plugin OnlineSubsystemUtils, From P:/Program Files/Epic Games/UE_4.14/Engine/Plugins/Online/OnlineSubsystemUtils/OnlineSubsystemUtils.uplugin
LogPluginManager: Loaded Plugin IOSTapJoy, From P:/Program Files/Epic Games/UE_4.14/Engine/Plugins/Runtime/Advertising/IOSTapJoy/IOSTapJoy.uplugin
LogPluginManager: Loaded Plugin AnalyticsBlueprintLibrary, From P:/Program Files/Epic Games/UE_4.14/Engine/Plugins/Runtime/Analytics/AnalyticsBlueprintLibrary/AnalyticsBlueprintLibrary.uplugin
LogPluginManager: Loaded Plugin AnalyticsMulticast, From P:/Program Files/Epic Games/UE_4.14/Engine/Plugins/Runtime/Analytics/AnalyticsMulticast/AnalyticsMulticast.uplugin
LogPluginManager: Loaded Plugin Apsalar, From P:/Program Files/Epic Games/UE_4.14/Engine/Plugins/Runtime/Analytics/Apsalar/Apsalar.uplugin
LogPluginManager: Loaded Plugin FileLogging, From P:/Program Files/Epic Games/UE_4.14/Engine/Plugins/Runtime/Analytics/FileLogging/FileLogging.uplugin
LogPluginManager: Loaded Plugin Flurry, From P:/Program Files/Epic Games/UE_4.14/Engine/Plugins/Runtime/Analytics/Flurry/Flurry.uplugin
LogPluginManager: Loaded Plugin AndroidDeviceProfileSelector, From P:/Program Files/Epic Games/UE_4.14/Engine/Plugins/Runtime/AndroidDeviceProfileSelector/AndroidDeviceProfileSelector.uplugin
LogPluginManager: Loaded Plugin AndroidMoviePlayer, From P:/Program Files/Epic Games/UE_4.14/Engine/Plugins/Runtime/AndroidMoviePlayer/AndroidMoviePlayer.uplugin
LogPluginManager: Loaded Plugin AppleMoviePlayer, From P:/Program Files/Epic Games/UE_4.14/Engine/Plugins/Runtime/AppleMoviePlayer/AppleMoviePlayer.uplugin
LogPluginManager: Loaded Plugin ArchVisCharacter, From P:/Program Files/Epic Games/UE_4.14/Engine/Plugins/Runtime/ArchVisCharacter/ArchVisCharacter.uplugin
LogPluginManager: Loaded Plugin CableComponent, From P:/Program Files/Epic Games/UE_4.14/Engine/Plugins/Runtime/CableComponent/CableComponent.uplugin
LogPluginManager: Loaded Plugin CustomMeshComponent, From P:/Program Files/Epic Games/UE_4.14/Engine/Plugins/Runtime/CustomMeshComponent/CustomMeshComponent.uplugin
LogPluginManager: Loaded Plugin ExampleDeviceProfileSelector, From P:/Program Files/Epic Games/UE_4.14/Engine/Plugins/Runtime/ExampleDeviceProfileSelector/ExampleDeviceProfileSelector.uplugin
LogPluginManager: Loaded Plugin GearVR, From P:/Program Files/Epic Games/UE_4.14/Engine/Plugins/Runtime/GearVR/GearVR.uplugin
LogPluginManager: Loaded Plugin GoogleVRController, From P:/Program Files/Epic Games/UE_4.14/Engine/Plugins/Runtime/GoogleVR/GoogleVRController/GoogleVRController.uplugin
LogPluginManager: Loaded Plugin GoogleVRHMD, From P:/Program Files/Epic Games/UE_4.14/Engine/Plugins/Runtime/GoogleVR/GoogleVRHMD/GoogleVRHMD.uplugin
LogPluginManager: Loaded Plugin IOSDeviceProfileSelector, From P:/Program Files/Epic Games/UE_4.14/Engine/Plugins/Runtime/IOSDeviceProfileSelector/IOSDeviceProfileSelector.uplugin
LogPluginManager: Loaded Plugin LeapMotion, From P:/Program Files/Epic Games/UE_4.14/Engine/Plugins/Runtime/LeapMotion/LeapMotion.uplugin
LogPluginManager: Loaded Plugin LinuxDeviceProfileSelector, From P:/Program Files/Epic Games/UE_4.14/Engine/Plugins/Runtime/LinuxDeviceProfileSelector/LinuxDeviceProfileSelector.uplugin
LogPluginManager: Loaded Plugin MIDIDevice, From P:/Program Files/Epic Games/UE_4.14/Engine/Plugins/Runtime/MIDIDevice/MIDIDevice.uplugin
LogPluginManager: Loaded Plugin MobilePatchingUtils, From P:/Program Files/Epic Games/UE_4.14/Engine/Plugins/Runtime/MobilePatchingUtils/MobilePatchingUtils.uplugin
LogPluginManager: Loaded Plugin Ansel, From P:/Program Files/Epic Games/UE_4.14/Engine/Plugins/Runtime/Nvidia/Ansel/Ansel.uplugin
LogPluginManager: Loaded Plugin OculusAudio, From P:/Program Files/Epic Games/UE_4.14/Engine/Plugins/Runtime/OculusAudio/OculusAudio.uplugin
LogPluginManager: Loaded Plugin OculusInput, From P:/Program Files/Epic Games/UE_4.14/Engine/Plugins/Runtime/OculusInput/OculusInput.uplugin
LogPluginManager: Loaded Plugin OculusLibrary, From P:/Program Files/Epic Games/UE_4.14/Engine/Plugins/Runtime/OculusLibrary/OculusLibrary.uplugin
LogPluginManager: Loaded Plugin OculusRift, From P:/Program Files/Epic Games/UE_4.14/Engine/Plugins/Runtime/OculusRift/OculusRift.uplugin
LogPluginManager: Loaded Plugin Oodle, From P:/Program Files/Epic Games/UE_4.14/Engine/Plugins/Runtime/PacketHandlers/CompressionComponents/Oodle/Oodle.uplugin
LogPluginManager: Loaded Plugin ProceduralMeshComponent, From P:/Program Files/Epic Games/UE_4.14/Engine/Plugins/Runtime/ProceduralMeshComponent/ProceduralMeshComponent.uplugin
LogPluginManager: Loaded Plugin SoundMod, From P:/Program Files/Epic Games/UE_4.14/Engine/Plugins/Runtime/SoundMod/SoundMod.uplugin
LogPluginManager: Loaded Plugin SoundVisualizations, From P:/Program Files/Epic Games/UE_4.14/Engine/Plugins/Runtime/SoundVisualizations/SoundVisualizations.uplugin
LogPluginManager: Loaded Plugin SteamController, From P:/Program Files/Epic Games/UE_4.14/Engine/Plugins/Runtime/Steam/SteamController/SteamController.uplugin
LogPluginManager: Loaded Plugin SteamVR, From P:/Program Files/Epic Games/UE_4.14/Engine/Plugins/Runtime/Steam/SteamVR/SteamVR.uplugin
LogPluginManager: Loaded Plugin WebBrowserWidget, From P:/Program Files/Epic Games/UE_4.14/Engine/Plugins/Runtime/WebBrowserWidget/WebBrowserWidget.uplugin
LogPluginManager: Loaded Plugin WindowsDeviceProfileSelector, From P:/Program Files/Epic Games/UE_4.14/Engine/Plugins/Runtime/WindowsDeviceProfileSelector/WindowsDeviceProfileSelector.uplugin
LogPluginManager: Loaded Plugin WindowsMoviePlayer, From P:/Program Files/Epic Games/UE_4.14/Engine/Plugins/Runtime/WindowsMoviePlayer/WindowsMoviePlayer.uplugin
LogPluginManager: Loaded Plugin ScriptPlugin, From P:/Program Files/Epic Games/UE_4.14/Engine/Plugins/ScriptPlugin/ScriptPlugin.uplugin
LogPluginManager: Loaded Plugin SlateRemote, From P:/Program Files/Epic Games/UE_4.14/Engine/Plugins/Slate/SlateRemote/SlateRemote.uplugin
LogPluginManager: Loaded Plugin EditorTests, From P:/Program Files/Epic Games/UE_4.14/Engine/Plugins/Tests/EditorTests/EditorTests.uplugin
LogPluginManager: Loaded Plugin FbxAutomationTestBuilder, From P:/Program Files/Epic Games/UE_4.14/Engine/Plugins/Tests/FbxAutomationTestBuilder/FbxAutomationTestBuilder.uplugin
LogPluginManager: Loaded Plugin FunctionalTestingEditor, From P:/Program Files/Epic Games/UE_4.14/Engine/Plugins/Tests/FunctionalTestingEditor/FunctionalTestingEditor.uplugin
LogPluginManager: Loaded Plugin RuntimeTests, From P:/Program Files/Epic Games/UE_4.14/Engine/Plugins/Tests/RuntimeTests/RuntimeTests.uplugin
LogPluginManager: Loaded Plugin ScreenshotTools, From P:/Program Files/Epic Games/UE_4.14/Engine/Plugins/Tests/ScreenshotTools/ScreenshotTools.uplugin
LogInit: Using libcurl 7.47.1
LogInit:  - built for x86_64-pc-win32
LogInit:  - supports SSL with OpenSSL/1.0.2g
LogInit:  - supports HTTP deflate (compression) using libz 1.2.8
LogInit:  - other features:
LogInit:      CURL_VERSION_SSL
LogInit:      CURL_VERSION_LIBZ
LogInit:      CURL_VERSION_IPV6
LogInit:      CURL_VERSION_ASYNCHDNS
LogInit:      CURL_VERSION_LARGEFILE
LogInit:      CURL_VERSION_IDN
LogInit:  CurlRequestOptions (configurable via config and command line):
LogInit:  - bVerifyPeer = false  - Libcurl will NOT verify peer certificate
LogInit:  - bUseHttpProxy = false  - Libcurl will NOT use HTTP proxy
LogInit:  - bDontReuseConnections = false  - Libcurl will reuse connections
LogInit:  - CertBundlePath = nullptr  - Libcurl will use whatever was configured at build time.
LogInit: Build: ++UE4+Release-4.14-CL-3249277
LogInit: Engine Version: 4.14.3-3249277+++UE4+Release-4.14
LogInit: Compatible Engine Version: 4.14.0-3195953+++UE4+Release-4.14
LogInit: Net CL: 3195953
LogDevObjectVersion: Number of dev versions registered: 13
LogDevObjectVersion:   Dev-Blueprints (B0D832E4-1F89-4F0D-ACCF-7EB736FD4AA2): 7
LogDevObjectVersion:   Dev-Build (E1C64328-A22C-4D53-A36C-8E866417BD8C): 0
LogDevObjectVersion:   Dev-Core (375EC13C-06E4-48FB-B500-84F0262A717E): 1
LogDevObjectVersion:   Dev-Editor (E4B068ED-F494-42E9-A231-DA0B2E46BB41): 8
LogDevObjectVersion:   Dev-Framework (CFFC743F-43B0-4480-9391-14DF171D2073): 17
LogDevObjectVersion:   Dev-Mobile (B02B49B5-BB20-44E9-A304-32B752E40360): 0
LogDevObjectVersion:   Dev-Networking (A4E4105C-59A1-49B5-A7C5-40C4547EDFEE): 0
LogDevObjectVersion:   Dev-Online (39C831C9-5AE6-47DC-9A44-9C173E1C8E7C): 0
LogDevObjectVersion:   Dev-Physics (78F01B33-EBEA-4F98-B9B4-84EACCB95AA2): 0
LogDevObjectVersion:   Dev-Platform (6631380F-2D4D-43E0-8009-CF276956A95A): 0
LogDevObjectVersion:   Dev-Rendering (12F88B9F-8875-4AFC-A67C-D90C383ABD29): 12
LogDevObjectVersion:   Dev-Sequencer (7B5AE74C-D270-4C10-A958-57980B212A5A): 1
LogDevObjectVersion:   Dev-VR (D7296918-1DD6-4BDD-9DE2-64A83CC13884): 0
LogInit: Compiled (64-bit): Jan  6 2017 10:49:43
LogInit: Compiled with Visual C++: 19.00.23026.00
LogInit: Build Configuration: Development
LogInit: Branch Name: ++UE4+Release-4.14
LogInit: Command line: -EpicPortal 
LogInit: Base directory: P:/Program Files/Epic Games/UE_4.14/Engine/Binaries/Win64/
LogInit: Installed Engine Build: 1
LogInit: Presizing for max 8388607 objects, including 0 objects not considered by GC, pre-allocating 0 bytes for permanent pool.
LogInit: Object subsystem initialized
[2017.03.13-17.01.44:715][  0]LogInit: Selected Device Profile: [Windows]
[2017.03.13-17.01.44:715][  0]LogInit: Applying CVar settings loaded from the selected device profile: [Windows]
[2017.03.13-17.01.44:720][  0]LogInit: Computer: KYLE-PC
[2017.03.13-17.01.44:720][  0]LogInit: User: Kyle
[2017.03.13-17.01.44:720][  0]LogInit: CPU Page size=65536, Cores=4
[2017.03.13-17.01.44:720][  0]LogInit: High frequency timer resolution =3.904013 MHz
[2017.03.13-17.01.44:721][  0]LogMemory: Memory total: Physical=15.9GB (16GB approx)
[2017.03.13-17.01.44:721][  0]LogMemory: Platform Memory Stats for Windows
[2017.03.13-17.01.44:721][  0]LogMemory: Process Physical Memory: 265.58 MB used, 265.58 MB peak
[2017.03.13-17.01.44:721][  0]LogMemory: Process Virtual Memory: 265.30 MB used, 265.30 MB peak
[2017.03.13-17.01.44:721][  0]LogMemory: Physical Memory: 5492.79 MB used,  10834.05 MB free, 16326.83 MB total
[2017.03.13-17.01.44:721][  0]LogMemory: Virtual Memory: 664.11 MB used,  10834.05 MB free, 8388608.00 MB total
[2017.03.13-17.01.44:747][  0]LogTextLocalizationManager: No specific translations for ('en-US') exist, so ('en') translations will be used.
[2017.03.13-17.01.45:183][  0]LogD3D11RHI: D3D11 adapters:
[2017.03.13-17.01.45:618][  0]LogD3D11RHI:    0. 'NVIDIA GeForce GTX 970' (Feature Level 11_0)
[2017.03.13-17.01.45:618][  0]LogD3D11RHI:       4008/0/7907 MB DedicatedVideo/DedicatedSystem/SharedSystem, Outputs:2, VendorId:0x10de
[2017.03.13-17.01.45:618][  0]LogD3D11RHI: Chosen D3D11 Adapter: 0
[2017.03.13-17.01.45:622][  0]LogD3D11RHI: Creating new Direct3DDevice
[2017.03.13-17.01.45:622][  0]LogD3D11RHI:     GPU DeviceId: 0x13c2 (for the marketing name, search the web for "GPU Device Id")
[2017.03.13-17.01.45:622][  0]LogWindows: EnumDisplayDevices:
[2017.03.13-17.01.45:622][  0]LogWindows:    0. 'NVIDIA GeForce GTX 970' (P:1 D:1)
[2017.03.13-17.01.45:622][  0]LogWindows:    1. 'NVIDIA GeForce GTX 970' (P:0 D:1)
[2017.03.13-17.01.45:622][  0]LogWindows:    2. 'NVIDIA GeForce GTX 970' (P:0 D:0)
[2017.03.13-17.01.45:622][  0]LogWindows:    3. 'NVIDIA GeForce GTX 970' (P:0 D:0)
[2017.03.13-17.01.45:622][  0]LogWindows:    4. 'RDPDD Chained DD' (P:0 D:0)
[2017.03.13-17.01.45:622][  0]LogWindows:    5. 'RDP Encoder Mirror Driver' (P:0 D:0)
[2017.03.13-17.01.45:622][  0]LogWindows:    6. 'RDP Reflector Display Driver' (P:0 D:0)
[2017.03.13-17.01.45:622][  0]LogWindows: DebugString: GetVideoDriverDetailsInvalid PrimaryIsNotTheChoosenAdapter GetVideoDriverDetailsInvalid PrimaryIsNotTheChoosenAdapter GetVideoDriverDetailsInvalid PrimaryIsNotTheChoosenAdapter FoundDriverCount:4 
[2017.03.13-17.01.45:622][  0]LogD3D11RHI:     Adapter Name: NVIDIA GeForce GTX 970
[2017.03.13-17.01.45:622][  0]LogD3D11RHI:   Driver Version: 378.66 (internal:21.21.13.7866, unified:378.66)
[2017.03.13-17.01.45:622][  0]LogD3D11RHI:      Driver Date: 2-9-2017
[2017.03.13-17.01.45:622][  0]LogRHI: Texture pool is 1361 MB (70% of 1945 MB)
[2017.03.13-17.01.46:026][  0]LogD3D11RHI: Async texture creation enabled
[2017.03.13-17.01.46:157][  0]LogD3D11RHI: GPU Timing Frequency: 1000.000000 (Debug: 2 2)
[2017.03.13-17.01.46:157][  0]LogShaderCompilers: Guid format shader working directory is -6 characters bigger than the processId version (C:/Users/Kyle/Documents/GitHub/QBert-Unreal/QBert_1/Intermediate/Shaders/WorkingDirectory/8444/).
[2017.03.13-17.01.46:157][  0]LogShaderCompilers: Cleaned the shader compiler working directory 'C:/Users/Kyle/AppData/Local/Temp/UnrealShaderWorkingDir/72A6B5CA443C65A416BD1EB486224996/'.
[2017.03.13-17.01.46:157][  0]LogShaderCompilers:Display: Using Local Shader Compiler.
[2017.03.13-17.01.47:125][  0]LogTemp:Display: Loaded TP AllDesktopTargetPlatform
[2017.03.13-17.01.47:154][  0]LogTemp:Display: Loaded TP MacClientTargetPlatform
[2017.03.13-17.01.47:183][  0]LogTemp:Display: Loaded TP MacNoEditorTargetPlatform
[2017.03.13-17.01.47:214][  0]LogTemp:Display: Loaded TP MacServerTargetPlatform
[2017.03.13-17.01.47:243][  0]LogTemp:Display: Loaded TP MacTargetPlatform
[2017.03.13-17.01.47:273][  0]LogTemp:Display: Loaded TP WindowsClientTargetPlatform
[2017.03.13-17.01.47:303][  0]LogTemp:Display: Loaded TP WindowsNoEditorTargetPlatform
[2017.03.13-17.01.47:333][  0]LogTemp:Display: Loaded TP WindowsServerTargetPlatform
[2017.03.13-17.01.47:356][  0]LogTemp:Display: Loaded TP WindowsTargetPlatform
[2017.03.13-17.01.47:385][  0]LogTemp:Display: Loaded TP AndroidTargetPlatform
[2017.03.13-17.01.47:423][  0]LogTemp:Display: Loaded TP Android_ASTCTargetPlatform
[2017.03.13-17.01.47:459][  0]LogTemp:Display: Loaded TP Android_ATCTargetPlatform
[2017.03.13-17.01.47:496][  0]LogTemp:Display: Loaded TP Android_DXTTargetPlatform
[2017.03.13-17.01.47:524][  0]LogTemp:Display: Loaded TP Android_ETC1TargetPlatform
[2017.03.13-17.01.47:552][  0]LogTemp:Display: Loaded TP Android_ETC2TargetPlatform
[2017.03.13-17.01.47:609][  0]LogTemp:Display: Loaded TP Android_MultiTargetPlatform
[2017.03.13-17.01.47:609][  0]LogTemp:Display: Loaded TP Android_PVRTCTargetPlatform
[2017.03.13-17.01.47:626][  0]LogTemp:Display: Loaded TP HTML5TargetPlatform
[2017.03.13-17.01.47:673][  0]LogTemp:Display: Loaded TP IOSTargetPlatform
[2017.03.13-17.01.47:692][  0]LogTemp:Display: Loaded TP TVOSTargetPlatform
[2017.03.13-17.01.47:721][  0]LogTemp:Display: Loaded TP LinuxClientTargetPlatform
[2017.03.13-17.01.47:750][  0]LogTemp:Display: Loaded TP LinuxNoEditorTargetPlatform
[2017.03.13-17.01.47:778][  0]LogTemp:Display: Loaded TP LinuxServerTargetPlatform
[2017.03.13-17.01.47:808][  0]LogTemp:Display: Loaded TP LinuxTargetPlatform
[2017.03.13-17.01.47:808][  0]LogTargetPlatformManager:Display: Building Assets For Windows
[2017.03.13-17.01.47:979][  0]LogDerivedDataCache:Display: Max Cache Size: 512 MB
[2017.03.13-17.01.48:030][  0]LogDerivedDataCache: Loaded boot cache 0.05s 64MB C:/Users/Kyle/AppData/Local/UnrealEngine/4.14/DerivedDataCache/Boot.ddc.
[2017.03.13-17.01.48:030][  0]LogDerivedDataCache:Display: Loaded Boot cache: C:/Users/Kyle/AppData/Local/UnrealEngine/4.14/DerivedDataCache/Boot.ddc
[2017.03.13-17.01.48:030][  0]LogDerivedDataCache: FDerivedDataBackendGraph:  Pak pak cache file C:/Users/Kyle/Documents/GitHub/QBert-Unreal/QBert_1/DerivedDataCache/DDC.ddp not found, will not use a pak cache.
[2017.03.13-17.01.48:030][  0]LogDerivedDataCache: Unable to find inner node Pak for hierarchical cache Hierarchy.
[2017.03.13-17.01.48:030][  0]LogDerivedDataCache: FDerivedDataBackendGraph:  CompressedPak pak cache file C:/Users/Kyle/Documents/GitHub/QBert-Unreal/QBert_1/DerivedDataCache/Compressed.ddp not found, will not use a pak cache.
[2017.03.13-17.01.48:030][  0]LogDerivedDataCache: Unable to find inner node CompressedPak for hierarchical cache Hierarchy.
[2017.03.13-17.01.48:044][  0]LogDerivedDataCache:Display: Pak cache opened for reading ../../../Engine/DerivedDataCache/Compressed.ddp.
[2017.03.13-17.01.48:054][  0]LogDerivedDataCache: Using Local data cache path C:/Users/Kyle/AppData/Local/UnrealEngine/Common/DerivedDataCache: Writable
[2017.03.13-17.01.48:199][  0]LogInit: Selected Device Profile: [Windows]
[2017.03.13-17.01.48:201][  0]LogContentStreaming: Texture pool size is 0.00 MB
[2017.03.13-17.01.48:330][  0]LogMeshUtilities: Using QuadricMeshReduction for automatic static mesh reduction
[2017.03.13-17.01.48:349][  0]LogSimplygon: Simplygon DLL not present - disabling.
[2017.03.13-17.01.48:368][  0]LogMeshUtilities: Using SimplygonSwarm for distributed automatic mesh merging
[2017.03.13-17.01.48:368][  0]LogMeshUtilities: No automatic skeletal mesh reduction module available
[2017.03.13-17.01.48:368][  0]LogMeshUtilities: No automatic mesh merging module available
[2017.03.13-17.01.48:711][  0]LogNetVersion: GetLocalNetworkVersion: CL: 3195953, ProjectName: qbert_1, ProjectVersion: , EngineNetworkVersion: 2, GameNetworkVersion: 0, NetworkChecksum: 370614952
[2017.03.13-17.01.48:752][  0]LogAssetRegistry: FAssetRegistry took 0.0196 seconds to start up
[2017.03.13-17.01.48:777][  0]LogPackageLocalizationCache: Processed 3 localized package path(s) for 2 prioritized culture(s) in 0.016263 seconds
[2017.03.13-17.01.48:782][  0]LogUObjectArray: 31946 objects as part of root set at end of initial load.
[2017.03.13-17.01.48:782][  0]LogUObjectAllocator: 6935848 out of 0 bytes used by permanent object pool.
[2017.03.13-17.01.48:782][  0]LogUObjectArray: CloseDisregardForGC: 0/0 objects in disregard for GC pool
[2017.03.13-17.01.48:809][  0]LogInit: WinSock: version 1.1 (2.2), MaxSocks=32767, MaxUdp=65467
[2017.03.13-17.01.49:144][  0]LogSlate: Using Freetype 2.6.0
[2017.03.13-17.01.49:144][  0]LogSlate: SlateFontCache - WITH_FREETYPE: 1, WITH_HARFBUZZ: 1
[2017.03.13-17.01.49:144][  0]LogSlate: SlateFontCache - WITH_FREETYPE: 1, WITH_HARFBUZZ: 1
[2017.03.13-17.01.49:638][  0]LogTcpMessaging: Initializing TcpMessaging bridge
[2017.03.13-17.01.49:660][  0]LogUdpMessaging: Initializing bridge on interface 0.0.0.0:0 to multicast group 230.0.0.1:6666.
[2017.03.13-17.01.49:860][  0]LogMaterial: Uniform references updated for custom material expression Custom.
[2017.03.13-17.01.50:053][  0]SourceControl: Info Source control is disabled
[2017.03.13-17.01.50:053][  0]SourceControl: Info Source control is disabled
[2017.03.13-17.01.50:074][  0]SourceControl: Info Source control is disabled
[2017.03.13-17.01.50:094][  0]SourceControl: Info Source control is disabled
[2017.03.13-17.01.50:662][  0]LogEngine: Initializing Engine...
[2017.03.13-17.01.50:662][  0]LogHMD: Failed to initialize OpenVR with code 110
[2017.03.13-17.01.50:810][  0]LogAIModule: Creating AISystem for world Untitled
[2017.03.13-17.01.50:826][  0]LogInit: XAudio2 using 'Speakers (Realtek High Definition Audio)' : 2 channels at 48 kHz using 32 bits per sample (channel mask 0x3)
[2017.03.13-17.01.50:847][  0]LogInit: FAudioDevice initialized.
[2017.03.13-17.01.50:876][  0]LogDerivedDataCache: Saved boot cache 0.03s 64MB C:/Users/Kyle/AppData/Local/UnrealEngine/4.14/DerivedDataCache/Boot.ddc.
[2017.03.13-17.01.50:883][  0]LogInit: Texture streaming: Enabled
[2017.03.13-17.01.50:967][  0]LogInit: Transaction tracking system initialized
[2017.03.13-17.01.51:116][  0]BlueprintLog: New page: Editor Load
[2017.03.13-17.01.51:507][  0]LocalizationService: Info Localization service is disabled
[2017.03.13-17.01.51:805][  0]LogConsoleResponse:Display: 
[2017.03.13-17.01.51:900][  0]LogFileCache: Scanning file cache for directory 'C:/Users/Kyle/Documents/GitHub/QBert-Unreal/QBert_1/Content/' took 0.01s
[2017.03.13-17.01.51:900][  0]LogCook:Display: Max memory allowance for cook 16384mb min free memory 0mb
[2017.03.13-17.01.51:900][  0]LogCook:Display: Mobile HDR setting 1
[2017.03.13-17.01.52:324][  0]SourceControl: Info Source control is disabled
[2017.03.13-17.01.52:324][  0]Cmd: MAP LOAD FILE="../../../Engine/Content/Maps/Templates/Template_Default.umap" TEMPLATE=1 SHOWPROGRESS=1 FEATURELEVEL=3
[2017.03.13-17.01.52:324][  0]LightingResults: New page: Lighting Build
[2017.03.13-17.01.52:342][  0]MapCheck: New page: Map Check
[2017.03.13-17.01.52:343][  0]LightingResults: New page: Lighting Build
[2017.03.13-17.01.52:499][  0]LogAIModule: Creating AISystem for world Untitled_1
[2017.03.13-17.01.52:499][  0]LogActorComponent: RegisterComponentWithWorld: (/Temp/Untitled_1.Untitled_1:PersistentLevel.WorldSettings_1.StaticMeshComponent0) Trying to register component with IsPendingKill() == true. Aborting.
[2017.03.13-17.01.52:503][  0]LogEditorServer: Finished looking for orphan Actors (0.000 secs)
[2017.03.13-17.01.52:505][  0]Cmd: MAP CHECKDEP NOCLEARLOG
[2017.03.13-17.01.52:523][  0]MapCheck: Info Map check complete: 0 Error(s), 0 Warning(s), took 17.735ms to complete.
[2017.03.13-17.01.52:523][  0]LogFileHelpers: Loading map 'Template_Default' took 0.199
[2017.03.13-17.01.52:712][  0]LogCollectionManager: Loaded 0 collections in 0.001142 seconds
[2017.03.13-17.01.52:791][  0]LogFileCache: Scanning file cache for directory 'C:/Users/Kyle/Documents/GitHub/QBert-Unreal/QBert_1/Saved/Collections/' took 0.01s
[2017.03.13-17.01.52:791][  0]LogFileCache: Scanning file cache for directory 'C:/Users/Kyle/Documents/GitHub/QBert-Unreal/QBert_1/Content/Developers/Kyle/Collections/' took 0.01s
[2017.03.13-17.01.52:791][  0]LogFileCache: Scanning file cache for directory 'C:/Users/Kyle/Documents/GitHub/QBert-Unreal/QBert_1/Content/Collections/' took 0.01s
[2017.03.13-17.01.52:791][  0]LogCollectionManager: Rebuilt the GUID cache for 0 collections in 0.000002 seconds
[2017.03.13-17.01.52:801][  0]LogContentBrowser: Native class hierarchy populated in 0.0087 seconds. Added 2190 classes and 428 folders.
[2017.03.13-17.01.52:823][  0]LogStats: UGameplayTagsManager::ConstructGameplayTagTree: Construct from data asset -  0.000 s
[2017.03.13-17.01.52:823][  0]LogStats: UGameplayTagsManager::ConstructGameplayTagTree: GameplayTagTreeChangedEvent.Broadcast -  0.000 s
[2017.03.13-17.01.52:823][  0]LogContentBrowser: Native class hierarchy updated for 'GameplayTags' in 0.0004 seconds. Added 13 classes and 0 folders.
[2017.03.13-17.01.52:852][  0]LogContentBrowser: Native class hierarchy updated for 'WidgetCarousel' in 0.0003 seconds. Added 0 classes and 0 folders.
[2017.03.13-17.01.52:908][  0]LogContentBrowser: Native class hierarchy updated for 'AddContentDialog' in 0.0004 seconds. Added 0 classes and 0 folders.
[2017.03.13-17.01.52:935][  0]LogContentBrowser: Native class hierarchy updated for 'SceneOutliner' in 0.0004 seconds. Added 1 classes and 2 folders.
[2017.03.13-17.01.52:986][  0]LogCrashTracker: Crashtracker disabled due to settings.
[2017.03.13-17.01.53:009][  0]LogTexture:Display: Building textures: Blueprint_64x (BGRA8)
[2017.03.13-17.01.53:010][  0]LogTexture:Display: Building textures: icon_Editor_Preferences_General_40x (BGRA8)
[2017.03.13-17.01.53:011][  0]LogTexture:Display: Building textures: Paper2DSprite_TutorialIcon (BGRA8)
[2017.03.13-17.01.53:012][  0]LogTexture:Display: Building textures: icon_ShowSkeletalMeshes_40x (BGRA8)
[2017.03.13-17.01.53:013][  0]LogTexture:Display: Building textures: Landscape (BGRA8)
[2017.03.13-17.01.53:014][  0]LogTexture:Display: Building textures: Foliage (BGRA8)
[2017.03.13-17.01.53:058][  0]LogContentBrowser: Native class hierarchy updated for 'HierarchicalLODOutliner' in 0.0006 seconds. Added 1 classes and 2 folders.
[2017.03.13-17.01.53:058][  0]LogLoad: (Engine Initialization) Total time: 9.33 seconds
[2017.03.13-17.01.53:058][  0]LogLoad: (Engine Initialization) Total Blueprint compile time: 0.05 seconds
[2017.03.13-17.01.53:058][  0]LogExternalProfiler: Found external profiler: VSPerf
[2017.03.13-17.01.53:058][  0]LogExternalProfiler: Using external profiler: VSPerf
[2017.03.13-17.01.53:067][  0]LogOcInput: OculusInput pre-init called
[2017.03.13-17.01.53:081][  0]LogAssetRegistry: Asset discovery search completed in 4.3494 seconds
[2017.03.13-17.01.53:081][  0]LogCollectionManager: Rebuilt the object cache for 0 collections in 0.000001 seconds (found 0 objects)
[2017.03.13-17.01.53:081][  0]LogCollectionManager: Fixed up redirectors for 0 collections in 0.000011 seconds (updated 0 objects)
[2017.03.13-17.01.53:085][  0]LogContentStreaming: Texture pool size now 1000 MB
[2017.03.13-17.01.53:107][  0]LogTexture:Display: Building textures: icon_tab_Levels_40x (BGRA8)
[2017.03.13-17.01.53:166][  0]LogTexture:Display: Building textures: LevelGrid1DStripes (BGRA8)
[2017.03.13-17.01.53:220][  0]LogRenderer: Reallocating scene render targets to support 1200x592 NumSamples 1 (Frame:2).
[2017.03.13-17.01.55:436][236]LogAIModule: Creating AISystem for world Game_Level
[2017.03.13-17.01.55:451][236]Cmd: MAP LOAD FILE="C:/Users/Kyle/Documents/GitHub/QBert-Unreal/QBert_1/Content/Game_Level.umap" TEMPLATE=0 SHOWPROGRESS=1 FEATURELEVEL=3
[2017.03.13-17.01.55:451][236]LightingResults: New page: Lighting Build
[2017.03.13-17.01.55:451][236]LoadErrors: New page: Loading map: Game_Level.umap
[2017.03.13-17.01.55:451][236]MapCheck: New page: Map Check
[2017.03.13-17.01.55:451][236]LightingResults: New page: Lighting Build
[2017.03.13-17.01.55:462][236]LogEditorServer: Finished looking for orphan Actors (0.000 secs)
[2017.03.13-17.01.55:471][236]Cmd: MAP CHECKDEP NOCLEARLOG
[2017.03.13-17.01.55:490][236]MapCheck: Info Map check complete: 0 Error(s), 0 Warning(s), took 18.939ms to complete.
[2017.03.13-17.01.55:490][236]LogFileHelpers: Loading map 'Game_Level' took 0.040
[2017.03.13-17.02.00:583][814]LogTemp: Repeting last play command: Selected Viewport
[2017.03.13-17.02.00:593][814]LogPlayLevel: PlayLevel: No blueprints needed recompiling
[2017.03.13-17.02.00:593][814]PIE: New page: PIE session: Game_Level (Mar 13, 2017, 9:02:00 AM)
[2017.03.13-17.02.00:594][814]LogPlayLevel: Creating play world package: /Game/UEDPIE_0_Game_Level
[2017.03.13-17.02.00:595][814]LogPlayLevel: PIE: StaticDuplicateObject took: (0.001332s)
[2017.03.13-17.02.00:595][814]LogAIModule: Creating AISystem for world Game_Level
[2017.03.13-17.02.00:595][814]LogPlayLevel: PIE: World Init took: (0.000427s)
[2017.03.13-17.02.00:596][814]LogPlayLevel: PIE: Created PIE world by copying editor world from /Game/Game_Level.Game_Level to /Game/UEDPIE_0_Game_Level.Game_Level (0.002163s)
[2017.03.13-17.02.00:611][814]LogInit: XAudio2 using 'Speakers (Realtek High Definition Audio)' : 2 channels at 48 kHz using 32 bits per sample (channel mask 0x3)
[2017.03.13-17.02.00:617][814]LogInit: FAudioDevice initialized.
[2017.03.13-17.02.00:654][814]LogLoad: Game class is 'GameModeBase'
[2017.03.13-17.02.00:657][814]LogWorld: Bringing World /Game/UEDPIE_0_Game_Level.Game_Level up for play (max tick rate 0) at 2017.03.13-13.02.00
[2017.03.13-17.02.00:657][814]LogWorld: Bringing up level for play took: 0.001036
[2017.03.13-17.02.00:679][814]LogContentBrowser: Native class hierarchy updated for 'MovieSceneCapture' in 0.0004 seconds. Added 11 classes and 0 folders.
[2017.03.13-17.02.00:682][814]PIE: Info Play in editor start time for /Game/UEDPIE_0_Game_Level 0.86
[2017.03.13-17.03.44:267][659]LogContentBrowser: Native class hierarchy updated for 'BlueprintGraph' in 0.0006 seconds. Added 111 classes and 0 folders.
[2017.03.13-17.06.04:587][934]LogFactory: FactoryCreateFile: Font with FontFileImportFactory (0 0 Y:\Downloads\symtext\Symtext.ttf)
[2017.03.13-17.06.13:181][478]Cmd: OBJ SAVEPACKAGE PACKAGE="/Game/MyFont" FILE="C:/Users/Kyle/Documents/GitHub/QBert-Unreal/QBert_1/Content/MyFont.uasset" SILENT=true
[2017.03.13-17.06.13:187][478]LogSavePackage: Save=4.67ms
[2017.03.13-17.06.13:187][478]LogSavePackage: Moving 'C:/Users/Kyle/Documents/GitHub/QBert-Unreal/QBert_1/Saved/MyFont0DFB0E064E1A0584F130E7B359D30759.tmp' to 'C:/Users/Kyle/Documents/GitHub/QBert-Unreal/QBert_1/Content/MyFont.uasset'
[2017.03.13-17.06.13:187][478]LogSavePackage:Display: Finished SavePackage C:/Users/Kyle/Documents/GitHub/QBert-Unreal/QBert_1/Content/MyFont.uasset
[2017.03.13-17.11.15:766][993]Cmd: OBJ SAVEPACKAGE PACKAGE="/Game/MyHUD" FILE="C:/Users/Kyle/Documents/GitHub/QBert-Unreal/QBert_1/Content/MyHUD.uasset" SILENT=true
[2017.03.13-17.11.15:824][993]LogSavePackage: Save=56.64ms
[2017.03.13-17.11.15:824][993]LogSavePackage: Moving 'C:/Users/Kyle/Documents/GitHub/QBert-Unreal/QBert_1/Saved/MyHUD7EF343204A9EA4722A3358A9035E8B5C.tmp' to 'C:/Users/Kyle/Documents/GitHub/QBert-Unreal/QBert_1/Content/MyHUD.uasset'
[2017.03.13-17.11.15:825][993]LogSavePackage:Display: Finished SavePackage C:/Users/Kyle/Documents/GitHub/QBert-Unreal/QBert_1/Content/MyHUD.uasset
[2017.03.13-17.11.49:585][579]LogStats: FPlatformStackWalk::StackWalkAndDump -  0.024 s
[2017.03.13-17.11.49:585][579]LogOutputDevice:Error: === Handled ensure: ===
[2017.03.13-17.11.49:585][579]LogOutputDevice:Error: 
[2017.03.13-17.11.49:585][579]LogOutputDevice:Error: Ensure condition failed: !PreviewSlateWidgetWeak.IsValid() [File:D:\Build\++UE4+Release-4.14+Compile\Sync\Engine\Source\Editor\UMGEditor\Private\WidgetBlueprintEditor.cpp] [Line: 768]
[2017.03.13-17.11.49:585][579]LogOutputDevice:Error: 
[2017.03.13-17.11.49:585][579]LogOutputDevice:Error: Stack: 
[2017.03.13-17.11.49:585][579]LogOutputDevice:Error: UE4Editor-Core.dll
[2017.03.13-17.11.49:585][579]LogOutputDevice:Error: UE4Editor-Core.dll
[2017.03.13-17.11.49:585][579]LogOutputDevice:Error: UE4Editor-Core.dll
[2017.03.13-17.11.49:585][579]LogOutputDevice:Error: UE4Editor-UMGEditor.dll
[2017.03.13-17.11.49:585][579]LogOutputDevice:Error: UE4Editor-UMGEditor.dll
[2017.03.13-17.11.49:585][579]LogOutputDevice:Error: UE4Editor-Kismet.dll
[2017.03.13-17.11.49:585][579]LogOutputDevice:Error: UE4Editor-Kismet.dll
[2017.03.13-17.11.49:585][579]LogOutputDevice:Error: UE4Editor-Engine.dll
[2017.03.13-17.11.49:585][579]LogOutputDevice:Error: UE4Editor-UnrealEd.dll
[2017.03.13-17.11.49:585][579]LogOutputDevice:Error: UE4Editor-UMGEditor.dll
[2017.03.13-17.11.49:585][579]LogOutputDevice:Error: UE4Editor-UMGEditor.dll
[2017.03.13-17.11.49:585][579]LogOutputDevice:Error: UE4Editor-UMGEditor.dll
[2017.03.13-17.11.49:585][579]LogOutputDevice:Error: UE4Editor-UMGEditor.dll
[2017.03.13-17.11.49:585][579]LogOutputDevice:Error: UE4Editor-Slate.dll
[2017.03.13-17.11.49:585][579]LogOutputDevice:Error: UE4Editor-Slate.dll
[2017.03.13-17.11.49:585][579]LogOutputDevice:Error: UE4Editor-Slate.dll
[2017.03.13-17.11.49:585][579]LogOutputDevice:Error: UE4Editor-Slate.dll
[2017.03.13-17.11.49:585][579]LogOutputDevice:Error: UE4Editor-UMGEditor.dll
[2017.03.13-17.11.49:585][579]LogOutputDevice:Error: UE4Editor-UMGEditor.dll
[2017.03.13-17.11.49:585][579]LogOutputDevice:Error: UE4Editor-UMGEditor.dll
[2017.03.13-17.11.49:585][579]LogOutputDevice:Error: UE4Editor-UMGEditor.dll
[2017.03.13-17.11.49:585][579]LogOutputDevice:Error: UE4Editor-UMGEditor.dll
[2017.03.13-17.11.49:585][579]LogOutputDevice:Error: UE4Editor-UMGEditor.dll
[2017.03.13-17.11.49:585][579]LogOutputDevice:Error: UE4Editor-UMGEditor.dll
[2017.03.13-17.11.49:585][579]LogOutputDevice:Error: UE4Editor-Slate.dll
[2017.03.13-17.11.49:585][579]LogOutputDevice:Error: UE4Editor-Slate.dll
[2017.03.13-17.11.49:585][579]LogOutputDevice:Error: UE4Editor-Slate.dll
[2017.03.13-17.11.49:585][579]LogOutputDevice:Error: UE4Editor-Slate.dll
[2017.03.13-17.11.49:585][579]LogOutputDevice:Error: UE4Editor-Slate.dll
[2017.03.13-17.11.49:585][579]LogOutputDevice:Error: UE4Editor-Core.dll
[2017.03.13-17.11.49:585][579]LogOutputDevice:Error: UE4Editor-Core.dll
[2017.03.13-17.11.49:585][579]LogOutputDevice:Error: UE4Editor-Core.dll
[2017.03.13-17.11.49:585][579]LogOutputDevice:Error: UE4Editor-Core.dll
[2017.03.13-17.11.49:585][579]LogOutputDevice:Error: USER32.dll
[2017.03.13-17.11.49:585][579]LogOutputDevice:Error: USER32.dll
[2017.03.13-17.11.49:585][579]LogOutputDevice:Error: UE4Editor-Core.dll
[2017.03.13-17.11.49:585][579]LogOutputDevice:Error: UE4Editor.exe
[2017.03.13-17.11.49:585][579]LogOutputDevice:Error: UE4Editor.exe
[2017.03.13-17.11.49:585][579]LogOutputDevice:Error: UE4Editor.exe
[2017.03.13-17.11.49:585][579]LogOutputDevice:Error: UE4Editor.exe
[2017.03.13-17.11.49:585][579]LogOutputDevice:Error: UE4Editor.exe
[2017.03.13-17.11.49:585][579]LogOutputDevice:Error: kernel32.dll
[2017.03.13-17.11.49:585][579]LogOutputDevice:Error: ntdll.dll
[2017.03.13-17.11.49:585][579]LogOutputDevice:Error: 
[2017.03.13-17.11.49:591][579]LogStats:                SubmitErrorReport -  0.000 s
